<?xml version="1.0" encoding="UTF-8"?>
<!-- Generated by org.testng.reporters.JUnitXMLReporter -->
<testsuite hostname="Ninja" name="RetryMulitple" tests="12" failures="2" timestamp="13 Dec 2016 18:05:22 GMT" time="36.034" errors="0">
  <testcase name="Test1" time="0.017" classname="Tests.Test001">
    <skipped/>
  </testcase> <!-- Test1 -->
  <testcase name="Test1" time="0.003" classname="Tests.Test001">
    <skipped/>
  </testcase> <!-- Test1 -->
  <testcase name="Test1" time="0.003" classname="Tests.Test001">
    <skipped/>
  </testcase> <!-- Test1 -->
  <testcase name="Test1" time="0.003" classname="Tests.Test001">
    <skipped/>
  </testcase> <!-- Test1 -->
  <testcase name="Test1" time="0.003" classname="Tests.Test001">
    <skipped/>
  </testcase> <!-- Test1 -->
  <testcase name="Test1" time="0.002" classname="Tests.Test001">
    <skipped/>
  </testcase> <!-- Test1 -->
  <testcase name="Test1" time="0.002" classname="Tests.Test001">
    <skipped/>
  </testcase> <!-- Test1 -->
  <testcase name="Test1" time="0.005" classname="Tests.Test001">
    <skipped/>
  </testcase> <!-- Test1 -->
  <testcase name="Test1" time="0.002" classname="Tests.Test001">
    <skipped/>
  </testcase> <!-- Test1 -->
  <testcase name="Test1" time="0.004" classname="Tests.Test001">
    <skipped/>
  </testcase> <!-- Test1 -->
  <testcase name="Test1" time="0.002" classname="Tests.Test001">
    <failure type="java.lang.AssertionError" message="expected [true] but found [false]">
      <![CDATA[java.lang.AssertionError: expected [true] but found [false]
	at Tests.Test001.Test1(Test001.java:14)
... Removed 31 stack frames]]>
    </failure>
  </testcase> <!-- Test1 -->
  <testcase name="Test2" time="0.002" classname="Tests.Test001">
    <failure type="java.lang.AssertionError" message="expected [true] but found [false]">
      <![CDATA[java.lang.AssertionError: expected [true] but found [false]
	at Tests.Test001.Test2(Test001.java:20)
... Removed 31 stack frames]]>
    </failure>
  </testcase> <!-- Test2 -->
</testsuite> <!-- RetryMulitple -->
